<?xml version="1.0" encoding="UTF-8"?>
<testsuite xmlns:xsi="http://www.w3.org/2001/XMLSchema-instance" xsi:noNamespaceSchemaLocation="https://maven.apache.org/surefire/maven-surefire-plugin/xsd/surefire-test-report.xsd" name="excel.EasyExcelTest" time="1.02" tests="1" errors="1" skipped="0" failures="0">
  <properties>
    <property name="sun.desktop" value="windows"/>
    <property name="awt.toolkit" value="sun.awt.windows.WToolkit"/>
    <property name="file.encoding.pkg" value="sun.io"/>
    <property name="java.specification.version" value="1.8"/>
    <property name="sun.cpu.isalist" value="amd64"/>
    <property name="sun.jnu.encoding" value="GBK"/>
    <property name="java.class.path" value="C:\workSpace\personal\springboot-utils\target\test-classes;C:\workSpace\personal\springboot-utils\target\classes;C:\tools\install\apache-maven-3.6.1\repository\org\springframework\boot\spring-boot-starter-web\2.1.0.RELEASE\spring-boot-starter-web-2.1.0.RELEASE.jar;C:\tools\install\apache-maven-3.6.1\repository\org\springframework\boot\spring-boot-starter\2.1.0.RELEASE\spring-boot-starter-2.1.0.RELEASE.jar;C:\tools\install\apache-maven-3.6.1\repository\org\springframework\boot\spring-boot\2.1.0.RELEASE\spring-boot-2.1.0.RELEASE.jar;C:\tools\install\apache-maven-3.6.1\repository\org\springframework\boot\spring-boot-autoconfigure\2.1.0.RELEASE\spring-boot-autoconfigure-2.1.0.RELEASE.jar;C:\tools\install\apache-maven-3.6.1\repository\org\springframework\boot\spring-boot-starter-logging\2.1.0.RELEASE\spring-boot-starter-logging-2.1.0.RELEASE.jar;C:\tools\install\apache-maven-3.6.1\repository\ch\qos\logback\logback-classic\1.2.3\logback-classic-1.2.3.jar;C:\tools\install\apache-maven-3.6.1\repository\ch\qos\logback\logback-core\1.2.3\logback-core-1.2.3.jar;C:\tools\install\apache-maven-3.6.1\repository\org\apache\logging\log4j\log4j-to-slf4j\2.11.1\log4j-to-slf4j-2.11.1.jar;C:\tools\install\apache-maven-3.6.1\repository\org\apache\logging\log4j\log4j-api\2.11.1\log4j-api-2.11.1.jar;C:\tools\install\apache-maven-3.6.1\repository\org\slf4j\jul-to-slf4j\1.7.25\jul-to-slf4j-1.7.25.jar;C:\tools\install\apache-maven-3.6.1\repository\javax\annotation\javax.annotation-api\1.3.2\javax.annotation-api-1.3.2.jar;C:\tools\install\apache-maven-3.6.1\repository\org\yaml\snakeyaml\1.23\snakeyaml-1.23.jar;C:\tools\install\apache-maven-3.6.1\repository\org\springframework\boot\spring-boot-starter-json\2.1.0.RELEASE\spring-boot-starter-json-2.1.0.RELEASE.jar;C:\tools\install\apache-maven-3.6.1\repository\com\fasterxml\jackson\datatype\jackson-datatype-jdk8\2.9.7\jackson-datatype-jdk8-2.9.7.jar;C:\tools\install\apache-maven-3.6.1\repository\com\fasterxml\jackson\datatype\jackson-datatype-jsr310\2.9.7\jackson-datatype-jsr310-2.9.7.jar;C:\tools\install\apache-maven-3.6.1\repository\com\fasterxml\jackson\module\jackson-module-parameter-names\2.9.7\jackson-module-parameter-names-2.9.7.jar;C:\tools\install\apache-maven-3.6.1\repository\org\springframework\boot\spring-boot-starter-tomcat\2.1.0.RELEASE\spring-boot-starter-tomcat-2.1.0.RELEASE.jar;C:\tools\install\apache-maven-3.6.1\repository\org\apache\tomcat\embed\tomcat-embed-core\9.0.12\tomcat-embed-core-9.0.12.jar;C:\tools\install\apache-maven-3.6.1\repository\org\apache\tomcat\embed\tomcat-embed-el\9.0.12\tomcat-embed-el-9.0.12.jar;C:\tools\install\apache-maven-3.6.1\repository\org\apache\tomcat\embed\tomcat-embed-websocket\9.0.12\tomcat-embed-websocket-9.0.12.jar;C:\tools\install\apache-maven-3.6.1\repository\org\hibernate\validator\hibernate-validator\6.0.13.Final\hibernate-validator-6.0.13.Final.jar;C:\tools\install\apache-maven-3.6.1\repository\javax\validation\validation-api\2.0.1.Final\validation-api-2.0.1.Final.jar;C:\tools\install\apache-maven-3.6.1\repository\org\jboss\logging\jboss-logging\3.3.2.Final\jboss-logging-3.3.2.Final.jar;C:\tools\install\apache-maven-3.6.1\repository\com\fasterxml\classmate\1.4.0\classmate-1.4.0.jar;C:\tools\install\apache-maven-3.6.1\repository\org\springframework\spring-web\5.1.2.RELEASE\spring-web-5.1.2.RELEASE.jar;C:\tools\install\apache-maven-3.6.1\repository\org\springframework\spring-webmvc\5.1.2.RELEASE\spring-webmvc-5.1.2.RELEASE.jar;C:\tools\install\apache-maven-3.6.1\repository\org\springframework\spring-expression\5.1.2.RELEASE\spring-expression-5.1.2.RELEASE.jar;C:\tools\install\apache-maven-3.6.1\repository\org\projectlombok\lombok\1.18.2\lombok-1.18.2.jar;C:\tools\install\apache-maven-3.6.1\repository\com\itextpdf\itextpdf\5.5.0\itextpdf-5.5.0.jar;C:\tools\install\apache-maven-3.6.1\repository\com\itextpdf\itext-asian\5.2.0\itext-asian-5.2.0.jar;C:\tools\install\apache-maven-3.6.1\repository\org\springframework\boot\spring-boot-starter-aop\2.0.6.RELEASE\spring-boot-starter-aop-2.0.6.RELEASE.jar;C:\tools\install\apache-maven-3.6.1\repository\org\springframework\spring-aop\5.1.2.RELEASE\spring-aop-5.1.2.RELEASE.jar;C:\tools\install\apache-maven-3.6.1\repository\org\aspectj\aspectjweaver\1.9.2\aspectjweaver-1.9.2.jar;C:\tools\install\apache-maven-3.6.1\repository\org\springframework\boot\spring-boot-starter-mail\2.1.0.RELEASE\spring-boot-starter-mail-2.1.0.RELEASE.jar;C:\tools\install\apache-maven-3.6.1\repository\org\springframework\spring-context\5.1.2.RELEASE\spring-context-5.1.2.RELEASE.jar;C:\tools\install\apache-maven-3.6.1\repository\com\sun\mail\javax.mail\1.6.2\javax.mail-1.6.2.jar;C:\tools\install\apache-maven-3.6.1\repository\javax\activation\activation\1.1\activation-1.1.jar;C:\tools\install\apache-maven-3.6.1\repository\org\springframework\boot\spring-boot-starter-test\2.1.0.RELEASE\spring-boot-starter-test-2.1.0.RELEASE.jar;C:\tools\install\apache-maven-3.6.1\repository\org\springframework\boot\spring-boot-test\2.1.0.RELEASE\spring-boot-test-2.1.0.RELEASE.jar;C:\tools\install\apache-maven-3.6.1\repository\org\springframework\boot\spring-boot-test-autoconfigure\2.1.0.RELEASE\spring-boot-test-autoconfigure-2.1.0.RELEASE.jar;C:\tools\install\apache-maven-3.6.1\repository\com\jayway\jsonpath\json-path\2.4.0\json-path-2.4.0.jar;C:\tools\install\apache-maven-3.6.1\repository\net\minidev\json-smart\2.3\json-smart-2.3.jar;C:\tools\install\apache-maven-3.6.1\repository\net\minidev\accessors-smart\1.2\accessors-smart-1.2.jar;C:\tools\install\apache-maven-3.6.1\repository\org\slf4j\slf4j-api\1.7.25\slf4j-api-1.7.25.jar;C:\tools\install\apache-maven-3.6.1\repository\junit\junit\4.12\junit-4.12.jar;C:\tools\install\apache-maven-3.6.1\repository\org\assertj\assertj-core\3.11.1\assertj-core-3.11.1.jar;C:\tools\install\apache-maven-3.6.1\repository\org\mockito\mockito-core\2.23.0\mockito-core-2.23.0.jar;C:\tools\install\apache-maven-3.6.1\repository\net\bytebuddy\byte-buddy\1.9.3\byte-buddy-1.9.3.jar;C:\tools\install\apache-maven-3.6.1\repository\net\bytebuddy\byte-buddy-agent\1.9.3\byte-buddy-agent-1.9.3.jar;C:\tools\install\apache-maven-3.6.1\repository\org\objenesis\objenesis\2.6\objenesis-2.6.jar;C:\tools\install\apache-maven-3.6.1\repository\org\hamcrest\hamcrest-core\1.3\hamcrest-core-1.3.jar;C:\tools\install\apache-maven-3.6.1\repository\org\hamcrest\hamcrest-library\1.3\hamcrest-library-1.3.jar;C:\tools\install\apache-maven-3.6.1\repository\org\skyscreamer\jsonassert\1.5.0\jsonassert-1.5.0.jar;C:\tools\install\apache-maven-3.6.1\repository\com\vaadin\external\google\android-json\0.0.20131108.vaadin1\android-json-0.0.20131108.vaadin1.jar;C:\tools\install\apache-maven-3.6.1\repository\org\springframework\spring-core\5.1.2.RELEASE\spring-core-5.1.2.RELEASE.jar;C:\tools\install\apache-maven-3.6.1\repository\org\springframework\spring-jcl\5.1.2.RELEASE\spring-jcl-5.1.2.RELEASE.jar;C:\tools\install\apache-maven-3.6.1\repository\org\springframework\spring-test\5.1.2.RELEASE\spring-test-5.1.2.RELEASE.jar;C:\tools\install\apache-maven-3.6.1\repository\org\xmlunit\xmlunit-core\2.6.2\xmlunit-core-2.6.2.jar;C:\tools\install\apache-maven-3.6.1\repository\org\springframework\boot\spring-boot-starter-thymeleaf\2.1.0.RELEASE\spring-boot-starter-thymeleaf-2.1.0.RELEASE.jar;C:\tools\install\apache-maven-3.6.1\repository\org\thymeleaf\thymeleaf-spring5\3.0.11.RELEASE\thymeleaf-spring5-3.0.11.RELEASE.jar;C:\tools\install\apache-maven-3.6.1\repository\org\thymeleaf\thymeleaf\3.0.11.RELEASE\thymeleaf-3.0.11.RELEASE.jar;C:\tools\install\apache-maven-3.6.1\repository\org\attoparser\attoparser\2.0.5.RELEASE\attoparser-2.0.5.RELEASE.jar;C:\tools\install\apache-maven-3.6.1\repository\org\unbescape\unbescape\1.1.6.RELEASE\unbescape-1.1.6.RELEASE.jar;C:\tools\install\apache-maven-3.6.1\repository\org\thymeleaf\extras\thymeleaf-extras-java8time\3.0.1.RELEASE\thymeleaf-extras-java8time-3.0.1.RELEASE.jar;C:\tools\install\apache-maven-3.6.1\repository\org\springframework\boot\spring-boot-starter-freemarker\2.1.0.RELEASE\spring-boot-starter-freemarker-2.1.0.RELEASE.jar;C:\tools\install\apache-maven-3.6.1\repository\org\freemarker\freemarker\2.3.28\freemarker-2.3.28.jar;C:\tools\install\apache-maven-3.6.1\repository\com\alibaba\easyexcel\1.1.2-beat1\easyexcel-1.1.2-beat1.jar;C:\tools\install\apache-maven-3.6.1\repository\cglib\cglib\3.1\cglib-3.1.jar;C:\tools\install\apache-maven-3.6.1\repository\org\ow2\asm\asm\4.2\asm-4.2.jar;C:\tools\install\apache-maven-3.6.1\repository\net\sf\jasperreports\jasperreports\6.5.0\jasperreports-6.5.0.jar;C:\tools\install\apache-maven-3.6.1\repository\commons-beanutils\commons-beanutils\1.9.3\commons-beanutils-1.9.3.jar;C:\tools\install\apache-maven-3.6.1\repository\commons-collections\commons-collections\3.2.2\commons-collections-3.2.2.jar;C:\tools\install\apache-maven-3.6.1\repository\commons-digester\commons-digester\2.1\commons-digester-2.1.jar;C:\tools\install\apache-maven-3.6.1\repository\commons-logging\commons-logging\1.1.1\commons-logging-1.1.1.jar;C:\tools\install\apache-maven-3.6.1\repository\com\lowagie\itext\2.1.7.js6\itext-2.1.7.js6.jar;C:\tools\install\apache-maven-3.6.1\repository\org\bouncycastle\bcprov-jdk15on\1.52\bcprov-jdk15on-1.52.jar;C:\tools\install\apache-maven-3.6.1\repository\org\jfree\jcommon\1.0.23\jcommon-1.0.23.jar;C:\tools\install\apache-maven-3.6.1\repository\org\jfree\jfreechart\1.0.19\jfreechart-1.0.19.jar;C:\tools\install\apache-maven-3.6.1\repository\org\eclipse\jdt\core\compiler\ecj\4.4.2\ecj-4.4.2.jar;C:\tools\install\apache-maven-3.6.1\repository\org\codehaus\castor\castor-xml\1.3.3\castor-xml-1.3.3.jar;C:\tools\install\apache-maven-3.6.1\repository\org\codehaus\castor\castor-core\1.3.3\castor-core-1.3.3.jar;C:\tools\install\apache-maven-3.6.1\repository\commons-lang\commons-lang\2.6\commons-lang-2.6.jar;C:\tools\install\apache-maven-3.6.1\repository\javax\inject\javax.inject\1\javax.inject-1.jar;C:\tools\install\apache-maven-3.6.1\repository\stax\stax\1.2.0\stax-1.2.0.jar;C:\tools\install\apache-maven-3.6.1\repository\stax\stax-api\1.0.1\stax-api-1.0.1.jar;C:\tools\install\apache-maven-3.6.1\repository\javax\xml\stream\stax-api\1.0-2\stax-api-1.0-2.jar;C:\tools\install\apache-maven-3.6.1\repository\com\fasterxml\jackson\core\jackson-core\2.9.7\jackson-core-2.9.7.jar;C:\tools\install\apache-maven-3.6.1\repository\com\fasterxml\jackson\core\jackson-databind\2.9.7\jackson-databind-2.9.7.jar;C:\tools\install\apache-maven-3.6.1\repository\com\fasterxml\jackson\core\jackson-annotations\2.9.0\jackson-annotations-2.9.0.jar;C:\tools\install\apache-maven-3.6.1\repository\org\apache\lucene\lucene-core\4.5.1\lucene-core-4.5.1.jar;C:\tools\install\apache-maven-3.6.1\repository\org\apache\lucene\lucene-analyzers-common\4.5.1\lucene-analyzers-common-4.5.1.jar;C:\tools\install\apache-maven-3.6.1\repository\org\apache\lucene\lucene-queryparser\4.5.1\lucene-queryparser-4.5.1.jar;C:\tools\install\apache-maven-3.6.1\repository\org\apache\lucene\lucene-queries\4.5.1\lucene-queries-4.5.1.jar;C:\tools\install\apache-maven-3.6.1\repository\org\apache\lucene\lucene-sandbox\4.5.1\lucene-sandbox-4.5.1.jar;C:\tools\install\apache-maven-3.6.1\repository\jakarta-regexp\jakarta-regexp\1.4\jakarta-regexp-1.4.jar;C:\tools\install\apache-maven-3.6.1\repository\org\olap4j\olap4j\0.9.7.309-JS-3\olap4j-0.9.7.309-JS-3.jar;C:\tools\install\apache-maven-3.6.1\repository\com\google\zxing\core\3.2.1\core-3.2.1.jar;C:\tools\install\apache-maven-3.6.1\repository\com\ibm\icu\icu4j\57.1\icu4j-57.1.jar;C:\tools\install\apache-maven-3.6.1\repository\net\sf\jasperreports\jasperreports-fonts\6.0.0\jasperreports-fonts-6.0.0.jar;C:\tools\install\apache-maven-3.6.1\repository\com\itextpdf\itext-pdfa\5.5.0\itext-pdfa-5.5.0.jar;C:\tools\install\apache-maven-3.6.1\repository\cn\lesper\iTextAsian\3.0\iTextAsian-3.0.jar;C:\tools\install\apache-maven-3.6.1\repository\org\codehaus\groovy\groovy-all\2.4.11\groovy-all-2.4.11.jar;C:\tools\install\apache-maven-3.6.1\repository\org\springframework\spring-context-support\5.1.2.RELEASE\spring-context-support-5.1.2.RELEASE.jar;C:\tools\install\apache-maven-3.6.1\repository\org\springframework\spring-beans\5.1.2.RELEASE\spring-beans-5.1.2.RELEASE.jar;C:\tools\install\apache-maven-3.6.1\repository\com\alipay\sdk\alipay-sdk-java\3.3.87.ALL\alipay-sdk-java-3.3.87.ALL.jar;C:\tools\install\apache-maven-3.6.1\repository\com\alibaba\fastjson\1.2.58\fastjson-1.2.58.jar;C:\tools\install\apache-maven-3.6.1\repository\commons-io\commons-io\2.5\commons-io-2.5.jar;C:\tools\install\apache-maven-3.6.1\repository\org\apache\poi\poi\4.0.0\poi-4.0.0.jar;C:\tools\install\apache-maven-3.6.1\repository\commons-codec\commons-codec\1.11\commons-codec-1.11.jar;C:\tools\install\apache-maven-3.6.1\repository\org\apache\commons\commons-collections4\4.2\commons-collections4-4.2.jar;C:\tools\install\apache-maven-3.6.1\repository\org\apache\poi\poi-ooxml\4.0.0\poi-ooxml-4.0.0.jar;C:\tools\install\apache-maven-3.6.1\repository\org\apache\poi\poi-ooxml-schemas\4.0.0\poi-ooxml-schemas-4.0.0.jar;C:\tools\install\apache-maven-3.6.1\repository\org\apache\xmlbeans\xmlbeans\3.0.1\xmlbeans-3.0.1.jar;C:\tools\install\apache-maven-3.6.1\repository\org\apache\commons\commons-compress\1.18\commons-compress-1.18.jar;C:\tools\install\apache-maven-3.6.1\repository\com\github\virtuald\curvesapi\1.04\curvesapi-1.04.jar;"/>
    <property name="java.vm.vendor" value="Oracle Corporation"/>
    <property name="sun.arch.data.model" value="64"/>
    <property name="user.variant" value=""/>
    <property name="java.vendor.url" value="http://java.oracle.com/"/>
    <property name="user.timezone" value="Asia/Shanghai"/>
    <property name="java.vm.specification.version" value="1.8"/>
    <property name="os.name" value="Windows 10"/>
    <property name="user.country" value="CN"/>
    <property name="sun.java.launcher" value="SUN_STANDARD"/>
    <property name="sun.boot.library.path" value="C:\tools\install\jdk\jre\bin"/>
    <property name="sun.java.command" value="C:\Users\chenm\AppData\Local\Temp\surefire7570723908496801986\surefirebooter617989710279440165.jar C:\Users\chenm\AppData\Local\Temp\surefire7570723908496801986 2019-12-31T14-43-17_347-jvmRun1 surefire3680736643568657117tmp surefire_07230977978410220356tmp"/>
    <property name="surefire.test.class.path" value="C:\workSpace\personal\springboot-utils\target\test-classes;C:\workSpace\personal\springboot-utils\target\classes;C:\tools\install\apache-maven-3.6.1\repository\org\springframework\boot\spring-boot-starter-web\2.1.0.RELEASE\spring-boot-starter-web-2.1.0.RELEASE.jar;C:\tools\install\apache-maven-3.6.1\repository\org\springframework\boot\spring-boot-starter\2.1.0.RELEASE\spring-boot-starter-2.1.0.RELEASE.jar;C:\tools\install\apache-maven-3.6.1\repository\org\springframework\boot\spring-boot\2.1.0.RELEASE\spring-boot-2.1.0.RELEASE.jar;C:\tools\install\apache-maven-3.6.1\repository\org\springframework\boot\spring-boot-autoconfigure\2.1.0.RELEASE\spring-boot-autoconfigure-2.1.0.RELEASE.jar;C:\tools\install\apache-maven-3.6.1\repository\org\springframework\boot\spring-boot-starter-logging\2.1.0.RELEASE\spring-boot-starter-logging-2.1.0.RELEASE.jar;C:\tools\install\apache-maven-3.6.1\repository\ch\qos\logback\logback-classic\1.2.3\logback-classic-1.2.3.jar;C:\tools\install\apache-maven-3.6.1\repository\ch\qos\logback\logback-core\1.2.3\logback-core-1.2.3.jar;C:\tools\install\apache-maven-3.6.1\repository\org\apache\logging\log4j\log4j-to-slf4j\2.11.1\log4j-to-slf4j-2.11.1.jar;C:\tools\install\apache-maven-3.6.1\repository\org\apache\logging\log4j\log4j-api\2.11.1\log4j-api-2.11.1.jar;C:\tools\install\apache-maven-3.6.1\repository\org\slf4j\jul-to-slf4j\1.7.25\jul-to-slf4j-1.7.25.jar;C:\tools\install\apache-maven-3.6.1\repository\javax\annotation\javax.annotation-api\1.3.2\javax.annotation-api-1.3.2.jar;C:\tools\install\apache-maven-3.6.1\repository\org\yaml\snakeyaml\1.23\snakeyaml-1.23.jar;C:\tools\install\apache-maven-3.6.1\repository\org\springframework\boot\spring-boot-starter-json\2.1.0.RELEASE\spring-boot-starter-json-2.1.0.RELEASE.jar;C:\tools\install\apache-maven-3.6.1\repository\com\fasterxml\jackson\datatype\jackson-datatype-jdk8\2.9.7\jackson-datatype-jdk8-2.9.7.jar;C:\tools\install\apache-maven-3.6.1\repository\com\fasterxml\jackson\datatype\jackson-datatype-jsr310\2.9.7\jackson-datatype-jsr310-2.9.7.jar;C:\tools\install\apache-maven-3.6.1\repository\com\fasterxml\jackson\module\jackson-module-parameter-names\2.9.7\jackson-module-parameter-names-2.9.7.jar;C:\tools\install\apache-maven-3.6.1\repository\org\springframework\boot\spring-boot-starter-tomcat\2.1.0.RELEASE\spring-boot-starter-tomcat-2.1.0.RELEASE.jar;C:\tools\install\apache-maven-3.6.1\repository\org\apache\tomcat\embed\tomcat-embed-core\9.0.12\tomcat-embed-core-9.0.12.jar;C:\tools\install\apache-maven-3.6.1\repository\org\apache\tomcat\embed\tomcat-embed-el\9.0.12\tomcat-embed-el-9.0.12.jar;C:\tools\install\apache-maven-3.6.1\repository\org\apache\tomcat\embed\tomcat-embed-websocket\9.0.12\tomcat-embed-websocket-9.0.12.jar;C:\tools\install\apache-maven-3.6.1\repository\org\hibernate\validator\hibernate-validator\6.0.13.Final\hibernate-validator-6.0.13.Final.jar;C:\tools\install\apache-maven-3.6.1\repository\javax\validation\validation-api\2.0.1.Final\validation-api-2.0.1.Final.jar;C:\tools\install\apache-maven-3.6.1\repository\org\jboss\logging\jboss-logging\3.3.2.Final\jboss-logging-3.3.2.Final.jar;C:\tools\install\apache-maven-3.6.1\repository\com\fasterxml\classmate\1.4.0\classmate-1.4.0.jar;C:\tools\install\apache-maven-3.6.1\repository\org\springframework\spring-web\5.1.2.RELEASE\spring-web-5.1.2.RELEASE.jar;C:\tools\install\apache-maven-3.6.1\repository\org\springframework\spring-webmvc\5.1.2.RELEASE\spring-webmvc-5.1.2.RELEASE.jar;C:\tools\install\apache-maven-3.6.1\repository\org\springframework\spring-expression\5.1.2.RELEASE\spring-expression-5.1.2.RELEASE.jar;C:\tools\install\apache-maven-3.6.1\repository\org\projectlombok\lombok\1.18.2\lombok-1.18.2.jar;C:\tools\install\apache-maven-3.6.1\repository\com\itextpdf\itextpdf\5.5.0\itextpdf-5.5.0.jar;C:\tools\install\apache-maven-3.6.1\repository\com\itextpdf\itext-asian\5.2.0\itext-asian-5.2.0.jar;C:\tools\install\apache-maven-3.6.1\repository\org\springframework\boot\spring-boot-starter-aop\2.0.6.RELEASE\spring-boot-starter-aop-2.0.6.RELEASE.jar;C:\tools\install\apache-maven-3.6.1\repository\org\springframework\spring-aop\5.1.2.RELEASE\spring-aop-5.1.2.RELEASE.jar;C:\tools\install\apache-maven-3.6.1\repository\org\aspectj\aspectjweaver\1.9.2\aspectjweaver-1.9.2.jar;C:\tools\install\apache-maven-3.6.1\repository\org\springframework\boot\spring-boot-starter-mail\2.1.0.RELEASE\spring-boot-starter-mail-2.1.0.RELEASE.jar;C:\tools\install\apache-maven-3.6.1\repository\org\springframework\spring-context\5.1.2.RELEASE\spring-context-5.1.2.RELEASE.jar;C:\tools\install\apache-maven-3.6.1\repository\com\sun\mail\javax.mail\1.6.2\javax.mail-1.6.2.jar;C:\tools\install\apache-maven-3.6.1\repository\javax\activation\activation\1.1\activation-1.1.jar;C:\tools\install\apache-maven-3.6.1\repository\org\springframework\boot\spring-boot-starter-test\2.1.0.RELEASE\spring-boot-starter-test-2.1.0.RELEASE.jar;C:\tools\install\apache-maven-3.6.1\repository\org\springframework\boot\spring-boot-test\2.1.0.RELEASE\spring-boot-test-2.1.0.RELEASE.jar;C:\tools\install\apache-maven-3.6.1\repository\org\springframework\boot\spring-boot-test-autoconfigure\2.1.0.RELEASE\spring-boot-test-autoconfigure-2.1.0.RELEASE.jar;C:\tools\install\apache-maven-3.6.1\repository\com\jayway\jsonpath\json-path\2.4.0\json-path-2.4.0.jar;C:\tools\install\apache-maven-3.6.1\repository\net\minidev\json-smart\2.3\json-smart-2.3.jar;C:\tools\install\apache-maven-3.6.1\repository\net\minidev\accessors-smart\1.2\accessors-smart-1.2.jar;C:\tools\install\apache-maven-3.6.1\repository\org\slf4j\slf4j-api\1.7.25\slf4j-api-1.7.25.jar;C:\tools\install\apache-maven-3.6.1\repository\junit\junit\4.12\junit-4.12.jar;C:\tools\install\apache-maven-3.6.1\repository\org\assertj\assertj-core\3.11.1\assertj-core-3.11.1.jar;C:\tools\install\apache-maven-3.6.1\repository\org\mockito\mockito-core\2.23.0\mockito-core-2.23.0.jar;C:\tools\install\apache-maven-3.6.1\repository\net\bytebuddy\byte-buddy\1.9.3\byte-buddy-1.9.3.jar;C:\tools\install\apache-maven-3.6.1\repository\net\bytebuddy\byte-buddy-agent\1.9.3\byte-buddy-agent-1.9.3.jar;C:\tools\install\apache-maven-3.6.1\repository\org\objenesis\objenesis\2.6\objenesis-2.6.jar;C:\tools\install\apache-maven-3.6.1\repository\org\hamcrest\hamcrest-core\1.3\hamcrest-core-1.3.jar;C:\tools\install\apache-maven-3.6.1\repository\org\hamcrest\hamcrest-library\1.3\hamcrest-library-1.3.jar;C:\tools\install\apache-maven-3.6.1\repository\org\skyscreamer\jsonassert\1.5.0\jsonassert-1.5.0.jar;C:\tools\install\apache-maven-3.6.1\repository\com\vaadin\external\google\android-json\0.0.20131108.vaadin1\android-json-0.0.20131108.vaadin1.jar;C:\tools\install\apache-maven-3.6.1\repository\org\springframework\spring-core\5.1.2.RELEASE\spring-core-5.1.2.RELEASE.jar;C:\tools\install\apache-maven-3.6.1\repository\org\springframework\spring-jcl\5.1.2.RELEASE\spring-jcl-5.1.2.RELEASE.jar;C:\tools\install\apache-maven-3.6.1\repository\org\springframework\spring-test\5.1.2.RELEASE\spring-test-5.1.2.RELEASE.jar;C:\tools\install\apache-maven-3.6.1\repository\org\xmlunit\xmlunit-core\2.6.2\xmlunit-core-2.6.2.jar;C:\tools\install\apache-maven-3.6.1\repository\org\springframework\boot\spring-boot-starter-thymeleaf\2.1.0.RELEASE\spring-boot-starter-thymeleaf-2.1.0.RELEASE.jar;C:\tools\install\apache-maven-3.6.1\repository\org\thymeleaf\thymeleaf-spring5\3.0.11.RELEASE\thymeleaf-spring5-3.0.11.RELEASE.jar;C:\tools\install\apache-maven-3.6.1\repository\org\thymeleaf\thymeleaf\3.0.11.RELEASE\thymeleaf-3.0.11.RELEASE.jar;C:\tools\install\apache-maven-3.6.1\repository\org\attoparser\attoparser\2.0.5.RELEASE\attoparser-2.0.5.RELEASE.jar;C:\tools\install\apache-maven-3.6.1\repository\org\unbescape\unbescape\1.1.6.RELEASE\unbescape-1.1.6.RELEASE.jar;C:\tools\install\apache-maven-3.6.1\repository\org\thymeleaf\extras\thymeleaf-extras-java8time\3.0.1.RELEASE\thymeleaf-extras-java8time-3.0.1.RELEASE.jar;C:\tools\install\apache-maven-3.6.1\repository\org\springframework\boot\spring-boot-starter-freemarker\2.1.0.RELEASE\spring-boot-starter-freemarker-2.1.0.RELEASE.jar;C:\tools\install\apache-maven-3.6.1\repository\org\freemarker\freemarker\2.3.28\freemarker-2.3.28.jar;C:\tools\install\apache-maven-3.6.1\repository\com\alibaba\easyexcel\1.1.2-beat1\easyexcel-1.1.2-beat1.jar;C:\tools\install\apache-maven-3.6.1\repository\cglib\cglib\3.1\cglib-3.1.jar;C:\tools\install\apache-maven-3.6.1\repository\org\ow2\asm\asm\4.2\asm-4.2.jar;C:\tools\install\apache-maven-3.6.1\repository\net\sf\jasperreports\jasperreports\6.5.0\jasperreports-6.5.0.jar;C:\tools\install\apache-maven-3.6.1\repository\commons-beanutils\commons-beanutils\1.9.3\commons-beanutils-1.9.3.jar;C:\tools\install\apache-maven-3.6.1\repository\commons-collections\commons-collections\3.2.2\commons-collections-3.2.2.jar;C:\tools\install\apache-maven-3.6.1\repository\commons-digester\commons-digester\2.1\commons-digester-2.1.jar;C:\tools\install\apache-maven-3.6.1\repository\commons-logging\commons-logging\1.1.1\commons-logging-1.1.1.jar;C:\tools\install\apache-maven-3.6.1\repository\com\lowagie\itext\2.1.7.js6\itext-2.1.7.js6.jar;C:\tools\install\apache-maven-3.6.1\repository\org\bouncycastle\bcprov-jdk15on\1.52\bcprov-jdk15on-1.52.jar;C:\tools\install\apache-maven-3.6.1\repository\org\jfree\jcommon\1.0.23\jcommon-1.0.23.jar;C:\tools\install\apache-maven-3.6.1\repository\org\jfree\jfreechart\1.0.19\jfreechart-1.0.19.jar;C:\tools\install\apache-maven-3.6.1\repository\org\eclipse\jdt\core\compiler\ecj\4.4.2\ecj-4.4.2.jar;C:\tools\install\apache-maven-3.6.1\repository\org\codehaus\castor\castor-xml\1.3.3\castor-xml-1.3.3.jar;C:\tools\install\apache-maven-3.6.1\repository\org\codehaus\castor\castor-core\1.3.3\castor-core-1.3.3.jar;C:\tools\install\apache-maven-3.6.1\repository\commons-lang\commons-lang\2.6\commons-lang-2.6.jar;C:\tools\install\apache-maven-3.6.1\repository\javax\inject\javax.inject\1\javax.inject-1.jar;C:\tools\install\apache-maven-3.6.1\repository\stax\stax\1.2.0\stax-1.2.0.jar;C:\tools\install\apache-maven-3.6.1\repository\stax\stax-api\1.0.1\stax-api-1.0.1.jar;C:\tools\install\apache-maven-3.6.1\repository\javax\xml\stream\stax-api\1.0-2\stax-api-1.0-2.jar;C:\tools\install\apache-maven-3.6.1\repository\com\fasterxml\jackson\core\jackson-core\2.9.7\jackson-core-2.9.7.jar;C:\tools\install\apache-maven-3.6.1\repository\com\fasterxml\jackson\core\jackson-databind\2.9.7\jackson-databind-2.9.7.jar;C:\tools\install\apache-maven-3.6.1\repository\com\fasterxml\jackson\core\jackson-annotations\2.9.0\jackson-annotations-2.9.0.jar;C:\tools\install\apache-maven-3.6.1\repository\org\apache\lucene\lucene-core\4.5.1\lucene-core-4.5.1.jar;C:\tools\install\apache-maven-3.6.1\repository\org\apache\lucene\lucene-analyzers-common\4.5.1\lucene-analyzers-common-4.5.1.jar;C:\tools\install\apache-maven-3.6.1\repository\org\apache\lucene\lucene-queryparser\4.5.1\lucene-queryparser-4.5.1.jar;C:\tools\install\apache-maven-3.6.1\repository\org\apache\lucene\lucene-queries\4.5.1\lucene-queries-4.5.1.jar;C:\tools\install\apache-maven-3.6.1\repository\org\apache\lucene\lucene-sandbox\4.5.1\lucene-sandbox-4.5.1.jar;C:\tools\install\apache-maven-3.6.1\repository\jakarta-regexp\jakarta-regexp\1.4\jakarta-regexp-1.4.jar;C:\tools\install\apache-maven-3.6.1\repository\org\olap4j\olap4j\0.9.7.309-JS-3\olap4j-0.9.7.309-JS-3.jar;C:\tools\install\apache-maven-3.6.1\repository\com\google\zxing\core\3.2.1\core-3.2.1.jar;C:\tools\install\apache-maven-3.6.1\repository\com\ibm\icu\icu4j\57.1\icu4j-57.1.jar;C:\tools\install\apache-maven-3.6.1\repository\net\sf\jasperreports\jasperreports-fonts\6.0.0\jasperreports-fonts-6.0.0.jar;C:\tools\install\apache-maven-3.6.1\repository\com\itextpdf\itext-pdfa\5.5.0\itext-pdfa-5.5.0.jar;C:\tools\install\apache-maven-3.6.1\repository\cn\lesper\iTextAsian\3.0\iTextAsian-3.0.jar;C:\tools\install\apache-maven-3.6.1\repository\org\codehaus\groovy\groovy-all\2.4.11\groovy-all-2.4.11.jar;C:\tools\install\apache-maven-3.6.1\repository\org\springframework\spring-context-support\5.1.2.RELEASE\spring-context-support-5.1.2.RELEASE.jar;C:\tools\install\apache-maven-3.6.1\repository\org\springframework\spring-beans\5.1.2.RELEASE\spring-beans-5.1.2.RELEASE.jar;C:\tools\install\apache-maven-3.6.1\repository\com\alipay\sdk\alipay-sdk-java\3.3.87.ALL\alipay-sdk-java-3.3.87.ALL.jar;C:\tools\install\apache-maven-3.6.1\repository\com\alibaba\fastjson\1.2.58\fastjson-1.2.58.jar;C:\tools\install\apache-maven-3.6.1\repository\commons-io\commons-io\2.5\commons-io-2.5.jar;C:\tools\install\apache-maven-3.6.1\repository\org\apache\poi\poi\4.0.0\poi-4.0.0.jar;C:\tools\install\apache-maven-3.6.1\repository\commons-codec\commons-codec\1.11\commons-codec-1.11.jar;C:\tools\install\apache-maven-3.6.1\repository\org\apache\commons\commons-collections4\4.2\commons-collections4-4.2.jar;C:\tools\install\apache-maven-3.6.1\repository\org\apache\poi\poi-ooxml\4.0.0\poi-ooxml-4.0.0.jar;C:\tools\install\apache-maven-3.6.1\repository\org\apache\poi\poi-ooxml-schemas\4.0.0\poi-ooxml-schemas-4.0.0.jar;C:\tools\install\apache-maven-3.6.1\repository\org\apache\xmlbeans\xmlbeans\3.0.1\xmlbeans-3.0.1.jar;C:\tools\install\apache-maven-3.6.1\repository\org\apache\commons\commons-compress\1.18\commons-compress-1.18.jar;C:\tools\install\apache-maven-3.6.1\repository\com\github\virtuald\curvesapi\1.04\curvesapi-1.04.jar;"/>
    <property name="sun.cpu.endian" value="little"/>
    <property name="user.home" value="C:\Users\chenm"/>
    <property name="user.language" value="zh"/>
    <property name="java.specification.vendor" value="Oracle Corporation"/>
    <property name="java.home" value="C:\tools\install\jdk\jre"/>
    <property name="basedir" value="C:\workSpace\personal\springboot-utils"/>
    <property name="file.separator" value="\"/>
    <property name="line.separator" value="&#10;"/>
    <property name="java.vm.specification.vendor" value="Oracle Corporation"/>
    <property name="java.specification.name" value="Java Platform API Specification"/>
    <property name="java.awt.graphicsenv" value="sun.awt.Win32GraphicsEnvironment"/>
    <property name="surefire.real.class.path" value="C:\Users\chenm\AppData\Local\Temp\surefire7570723908496801986\surefirebooter617989710279440165.jar"/>
    <property name="sun.boot.class.path" value="C:\tools\install\jdk\jre\lib\resources.jar;C:\tools\install\jdk\jre\lib\rt.jar;C:\tools\install\jdk\jre\lib\sunrsasign.jar;C:\tools\install\jdk\jre\lib\jsse.jar;C:\tools\install\jdk\jre\lib\jce.jar;C:\tools\install\jdk\jre\lib\charsets.jar;C:\tools\install\jdk\jre\lib\jfr.jar;C:\tools\install\jdk\jre\classes"/>
    <property name="user.script" value=""/>
    <property name="sun.management.compiler" value="HotSpot 64-Bit Tiered Compilers"/>
    <property name="java.runtime.version" value="1.8.0_191-b12"/>
    <property name="user.name" value="chenm"/>
    <property name="path.separator" value=";"/>
    <property name="os.version" value="10.0"/>
    <property name="java.endorsed.dirs" value="C:\tools\install\jdk\jre\lib\endorsed"/>
    <property name="java.runtime.name" value="Java(TM) SE Runtime Environment"/>
    <property name="file.encoding" value="GBK"/>
    <property name="java.vm.name" value="Java HotSpot(TM) 64-Bit Server VM"/>
    <property name="localRepository" value="C:\tools\install\apache-maven-3.6.1\repository"/>
    <property name="java.vendor.url.bug" value="http://bugreport.sun.com/bugreport/"/>
    <property name="java.io.tmpdir" value="C:\Users\chenm\AppData\Local\Temp\"/>
    <property name="java.version" value="1.8.0_191"/>
    <property name="user.dir" value="C:\workSpace\personal\springboot-utils"/>
    <property name="os.arch" value="amd64"/>
    <property name="java.vm.specification.name" value="Java Virtual Machine Specification"/>
    <property name="java.awt.printerjob" value="sun.awt.windows.WPrinterJob"/>
    <property name="sun.os.patch.level" value=""/>
    <property name="java.library.path" value="C:\tools\install\jdk\jre\bin;C:\Windows\Sun\Java\bin;C:\Windows\system32;C:\Windows;C:\Program Files (x86)\Common Files\NetSarang;C:\Program Files (x86)\Common Files\Oracle\Java\javapath;C:\Windows\system32;C:\Windows;C:\Windows\System32\Wbem;C:\Windows\System32\WindowsPowerShell\v1.0\;C:\Windows\System32\OpenSSH\;C:\tools\install\tortoiseSVN\bin;C:\tools\install\tortoiseGit\bin;C:\tools\Git\cmd;C:\tools\install\nodejs\;&quot;C:\Users\chenm\AppData\Local\Microsoft\WindowsApps;C:\tools\install\jdk\bin;C:\tools\install\jdk\jre\bin;&quot;;C:\tools\install\apache-maven-3.6.1\bin\;C:\tools\mysql-8.0.17-winx64-debug-test\mysql-8.0.17-winx64\bin;C:\Users\chenm\AppData\Roaming\npm;C:\tools\install\nodejs\node_global;C:\tools\install\nodejs;;."/>
    <property name="java.vm.info" value="mixed mode"/>
    <property name="java.vendor" value="Oracle Corporation"/>
    <property name="java.vm.version" value="25.191-b12"/>
    <property name="java.ext.dirs" value="C:\tools\install\jdk\jre\lib\ext;C:\Windows\Sun\Java\lib\ext"/>
    <property name="sun.io.unicode.encoding" value="UnicodeLittle"/>
    <property name="java.class.version" value="52.0"/>
  </properties>
  <testcase name="initializationError" classname="excel.EasyExcelTest" time="0.002">
    <error message="Unable to find a @SpringBootConfiguration, you need to use @ContextConfiguration or @SpringBootTest(classes=...) with your test" type="java.lang.IllegalStateException">java.lang.IllegalStateException: Unable to find a @SpringBootConfiguration, you need to use @ContextConfiguration or @SpringBootTest(classes=...) with your test
</error>
    <system-out><![CDATA[14:43:19.209 [main] DEBUG org.springframework.test.context.junit4.SpringJUnit4ClassRunner - SpringJUnit4ClassRunner constructor called with [class excel.EasyExcelTest]
14:43:19.225 [main] DEBUG org.springframework.test.context.BootstrapUtils - Instantiating CacheAwareContextLoaderDelegate from class [org.springframework.test.context.cache.DefaultCacheAwareContextLoaderDelegate]
14:43:19.247 [main] DEBUG org.springframework.test.context.BootstrapUtils - Instantiating BootstrapContext using constructor [public org.springframework.test.context.support.DefaultBootstrapContext(java.lang.Class,org.springframework.test.context.CacheAwareContextLoaderDelegate)]
14:43:19.295 [main] DEBUG org.springframework.test.context.BootstrapUtils - Instantiating TestContextBootstrapper for test class [excel.EasyExcelTest] from class [org.springframework.boot.test.context.SpringBootTestContextBootstrapper]
14:43:19.340 [main] INFO org.springframework.boot.test.context.SpringBootTestContextBootstrapper - Neither @ContextConfiguration nor @ContextHierarchy found for test class [excel.EasyExcelTest], using SpringBootContextLoader
14:43:19.347 [main] DEBUG org.springframework.test.context.support.AbstractContextLoader - Did not detect default resource location for test class [excel.EasyExcelTest]: class path resource [excel/EasyExcelTest-context.xml] does not exist
14:43:19.347 [main] DEBUG org.springframework.test.context.support.AbstractContextLoader - Did not detect default resource location for test class [excel.EasyExcelTest]: class path resource [excel/EasyExcelTestContext.groovy] does not exist
14:43:19.348 [main] INFO org.springframework.test.context.support.AbstractContextLoader - Could not detect default resource locations for test class [excel.EasyExcelTest]: no resource found for suffixes {-context.xml, Context.groovy}.
14:43:19.352 [main] DEBUG org.springframework.test.context.support.AnnotationConfigContextLoaderUtils - Ignoring class [excel.EasyExcelTest$TableHeaderExcelProperty]; it must be static, non-private, non-final, and annotated with @Configuration to be considered a default configuration class.
14:43:19.354 [main] INFO org.springframework.test.context.support.AnnotationConfigContextLoaderUtils - Could not detect default configuration classes for test class [excel.EasyExcelTest]: EasyExcelTest does not declare any static, non-private, non-final, nested classes annotated with @Configuration.
14:43:19.551 [main] DEBUG org.springframework.test.context.support.ActiveProfilesUtils - Could not find an 'annotation declaring class' for annotation type [org.springframework.test.context.ActiveProfiles] and class [excel.EasyExcelTest]
]]></system-out>
  </testcase>
</testsuite>